<?xml version="1.0" encoding="UTF-8"?>
<!-- Generated by org.testng.reporters.JUnitReportReporter -->
<testsuite skipped="0" hostname="LAPTOP-4FENMSQH" name="com.actitime.qa.testcases.TimeTrackPageTest" tests="2" failures="0" timestamp="17 Aug 2020 17:00:35 GMT" time="30.802" errors="0">
  <testcase name="createNewTaskTest" time="15.350" classname="com.actitime.qa.testcases.TimeTrackPageTest"/>
  <testcase name="timeTrackPageTitleTest" time="15.452" classname="com.actitime.qa.testcases.TimeTrackPageTest"/>
</testsuite> <!-- com.actitime.qa.testcases.TimeTrackPageTest -->
