<?xml version="1.0" encoding="UTF-8"?>
<!-- Generated by org.testng.reporters.JUnitReportReporter -->
<testsuite skipped="0" hostname="LAPTOP-4FENMSQH" name="com.actitime.qa.testcases.UsersPageTest" tests="1" failures="0" timestamp="17 Aug 2020 18:49:14 GMT" time="18.445" errors="0">
  <testcase name="createNewUserTest" time="18.445" classname="com.actitime.qa.testcases.UsersPageTest"/>
</testsuite> <!-- com.actitime.qa.testcases.UsersPageTest -->
