<?xml version="1.0" encoding="UTF-8"?>
<!-- Generated by org.testng.reporters.JUnitReportReporter -->
<testsuite skipped="0" hostname="LAPTOP-4FENMSQH" name="com.actitime.qa.testcases.LoginPageTest" tests="8" failures="0" timestamp="12 Aug 2020 17:36:16 GMT" time="75.224" errors="0">
  <testcase name="loginPageTitleTest" time="8.330" classname="com.actitime.qa.testcases.LoginPageTest"/>
  <testcase name="actiTimeLogoAndProdNameTest" time="8.445" classname="com.actitime.qa.testcases.LoginPageTest"/>
  <testcase name="loginTest" time="12.549" classname="com.actitime.qa.testcases.LoginPageTest"/>
  <testcase name="forgotPwdLinkTest" time="8.469" classname="com.actitime.qa.testcases.LoginPageTest"/>
  <testcase name="keepmeLoggedInTest" time="8.449" classname="com.actitime.qa.testcases.LoginPageTest"/>
  <testcase name="checkBoxTest" time="10.413" classname="com.actitime.qa.testcases.LoginPageTest"/>
  <testcase name="copyRightTest" time="10.406" classname="com.actitime.qa.testcases.LoginPageTest"/>
  <testcase name="versionTest" time="8.163" classname="com.actitime.qa.testcases.LoginPageTest"/>
</testsuite> <!-- com.actitime.qa.testcases.LoginPageTest -->
